<?xml version="1.0" encoding="UTF-8"?>
<!-- Generated by org.testng.reporters.JUnitReportReporter -->
<testsuite hostname="DESKTOP-254JV4M" failures="0" tests="1" name="TC001_GET_Request" time="3.222" errors="0" timestamp="2022-09-17T10:14:56 IST" skipped="0">
  <testcase classname="TC001_GET_Request" name="getSingleUserDetail" time="3.222"/>
  <system-out/>
</testsuite> <!-- TC001_GET_Request -->
