<?xml version="1.0" encoding="UTF-8"?>
<!-- Generated by org.testng.reporters.JUnitReportReporter -->
<testsuite hostname="DESKTOP-254JV4M" failures="0" tests="1" name="TC005_GET_Validate_ResponseBody" time="3.199" errors="0" timestamp="2022-09-17T14:52:50 IST" skipped="0">
  <testcase classname="TC005_GET_Validate_ResponseBody" name="getValidateResponseBody" time="3.199"/>
  <system-out/>
</testsuite> <!-- TC005_GET_Validate_ResponseBody -->
