<?xml version="1.0" encoding="UTF-8"?>
<!-- Generated by org.testng.reporters.JUnitReportReporter -->
<testsuite hostname="DESKTOP-254JV4M" failures="0" tests="3" name="TC008_Post_GetDataFromExcel" time="4.865" errors="0" timestamp="2022-09-17T18:19:56 IST" skipped="0">
  <testcase classname="TC008_Post_GetDataFromExcel" name="getupdateData" time="0.557"/>
  <system-out/>
  <testcase classname="TC008_Post_GetDataFromExcel" name="getupdateData" time="0.503"/>
  <system-out/>
  <testcase classname="TC008_Post_GetDataFromExcel" name="getupdateData" time="3.805"/>
  <system-out/>
</testsuite> <!-- TC008_Post_GetDataFromExcel -->
