<?xml version="1.0" encoding="UTF-8"?>
<!-- Generated by org.testng.reporters.JUnitReportReporter -->
<testsuite hostname="DESKTOP-254JV4M" failures="0" tests="1" name="TC006_GET_ExtractNodeValue" time="4.575" errors="0" timestamp="2022-09-17T14:55:25 IST" skipped="0">
  <testcase classname="TC006_GET_ExtractNodeValue" name="getEveryValueofNode" time="4.575"/>
  <system-out/>
</testsuite> <!-- TC006_GET_ExtractNodeValue -->
