<?xml version="1.0" encoding="UTF-8"?>
<!-- Generated by org.testng.reporters.JUnitReportReporter -->
<testsuite hostname="DESKTOP-254JV4M" failures="0" tests="5" name="com.employee.Testcase.TC003_POST_Single_EmployeeDetail" time="0.093" errors="0" timestamp="2022-09-18T14:08:03 IST" skipped="0">
  <testcase classname="com.employee.Testcase.TC003_POST_Single_EmployeeDetail" name="checkContentType" time="0.019"/>
  <system-out/>
  <testcase classname="com.employee.Testcase.TC003_POST_Single_EmployeeDetail" name="checkStatusCode" time="0.011"/>
  <system-out/>
  <testcase classname="com.employee.Testcase.TC003_POST_Single_EmployeeDetail" name="checkServerType" time="0.004"/>
  <system-out/>
  <testcase classname="com.employee.Testcase.TC003_POST_Single_EmployeeDetail" name="getResponseTime" time="0.008"/>
  <system-out/>
  <testcase classname="com.employee.Testcase.TC003_POST_Single_EmployeeDetail" name="getresponseBody" time="0.051"/>
  <system-out/>
</testsuite> <!-- com.employee.Testcase.TC003_POST_Single_EmployeeDetail -->
