<?xml version="1.0" encoding="UTF-8"?>
<!-- Generated by org.testng.reporters.JUnitReportReporter -->
<testsuite hostname="DESKTOP-254JV4M" failures="0" tests="1" name="TC004_GET_AllHeaders" time="3.259" errors="0" timestamp="2022-09-17T13:00:46 IST" skipped="0">
  <testcase classname="TC004_GET_AllHeaders" name="getAllHeader" time="3.259"/>
  <system-out/>
</testsuite> <!-- TC004_GET_AllHeaders -->
