<?xml version="1.0" encoding="UTF-8"?>
<!-- Generated by org.testng.reporters.JUnitReportReporter -->
<testsuite hostname="DESKTOP-254JV4M" failures="0" tests="1" name="TC003_GET_Header" time="3.017" errors="0" timestamp="2022-09-17T12:39:20 IST" skipped="0">
  <testcase classname="TC003_GET_Header" name="getHEader" time="3.017"/>
  <system-out/>
</testsuite> <!-- TC003_GET_Header -->
