<?xml version="1.0" encoding="UTF-8"?>
<!-- Generated by org.testng.reporters.JUnitReportReporter -->
<testsuite hostname="DESKTOP-254JV4M" failures="0" tests="5" name="com.employee.Testcase.TC001_GET_All_EmployeeDetail" time="0.035" errors="0" timestamp="2022-09-18T14:08:04 IST" skipped="0">
  <testcase classname="com.employee.Testcase.TC001_GET_All_EmployeeDetail" name="getResponseTime" time="0.006"/>
  <system-out/>
  <testcase classname="com.employee.Testcase.TC001_GET_All_EmployeeDetail" name="checkContentType" time="0.008"/>
  <system-out/>
  <testcase classname="com.employee.Testcase.TC001_GET_All_EmployeeDetail" name="checkStatuscode" time="0.002"/>
  <system-out/>
  <testcase classname="com.employee.Testcase.TC001_GET_All_EmployeeDetail" name="checkResponseBody" time="0.012"/>
  <system-out/>
  <testcase classname="com.employee.Testcase.TC001_GET_All_EmployeeDetail" name="checkServerType" time="0.007"/>
  <system-out/>
</testsuite> <!-- com.employee.Testcase.TC001_GET_All_EmployeeDetail -->
