<?xml version="1.0" encoding="UTF-8"?>
<!-- Generated by org.testng.reporters.JUnitReportReporter -->
<testsuite hostname="DESKTOP-254JV4M" failures="0" tests="5" name="com.employee.Testcase.TC002_GET_SIngle_EmployeeDetail" time="0.017" errors="0" timestamp="2022-09-18T14:08:04 IST" skipped="0">
  <testcase classname="com.employee.Testcase.TC002_GET_SIngle_EmployeeDetail" name="checkContentType" time="0.003"/>
  <system-out/>
  <testcase classname="com.employee.Testcase.TC002_GET_SIngle_EmployeeDetail" name="getResponseTime" time="0.004"/>
  <system-out/>
  <testcase classname="com.employee.Testcase.TC002_GET_SIngle_EmployeeDetail" name="getResponseBody" time="0.005"/>
  <system-out/>
  <testcase classname="com.employee.Testcase.TC002_GET_SIngle_EmployeeDetail" name="checkStatuscode" time="0.002"/>
  <system-out/>
  <testcase classname="com.employee.Testcase.TC002_GET_SIngle_EmployeeDetail" name="checkServerType" time="0.003"/>
  <system-out/>
</testsuite> <!-- com.employee.Testcase.TC002_GET_SIngle_EmployeeDetail -->
