<?xml version="1.0" encoding="UTF-8"?>
<!-- Generated by org.testng.reporters.JUnitReportReporter -->
<testsuite hostname="DESKTOP-254JV4M" failures="0" tests="5" name="com.employee.Testcase.TC003_POST_Single_EmployeeDetail" time="0.044" errors="0" timestamp="2022-09-18T15:04:17 IST" skipped="0">
  <testcase classname="com.employee.Testcase.TC003_POST_Single_EmployeeDetail" name="checkServerType" time="0.002"/>
  <system-out/>
  <testcase classname="com.employee.Testcase.TC003_POST_Single_EmployeeDetail" name="checkStatusCode" time="0.002"/>
  <system-out/>
  <testcase classname="com.employee.Testcase.TC003_POST_Single_EmployeeDetail" name="getresponseBody" time="0.032"/>
  <system-out/>
  <testcase classname="com.employee.Testcase.TC003_POST_Single_EmployeeDetail" name="getResponseTime" time="0.002"/>
  <system-out/>
  <testcase classname="com.employee.Testcase.TC003_POST_Single_EmployeeDetail" name="checkContentType" time="0.006"/>
  <system-out/>
</testsuite> <!-- com.employee.Testcase.TC003_POST_Single_EmployeeDetail -->
